E:\MYSOURCECODE\FLIPENGINE\FLIPENGINE\DEBUG\IMAGELOADERBMP.OBJ
E:\MYSOURCECODE\FLIPENGINE\FLIPENGINE\DEBUG\IMAGELOADERDDS.OBJ
E:\MYSOURCECODE\FLIPENGINE\FLIPENGINE\DEBUG\IMAGELOADERJPG.OBJ
E:\MYSOURCECODE\FLIPENGINE\FLIPENGINE\DEBUG\IMAGELOADERPNG.OBJ
E:\MYSOURCECODE\FLIPENGINE\FLIPENGINE\DEBUG\LIGHT.OBJ
E:\MYSOURCECODE\FLIPENGINE\FLIPENGINE\DEBUG\MAT4.OBJ
E:\MYSOURCECODE\FLIPENGINE\FLIPENGINE\DEBUG\MESH.OBJ
E:\MYSOURCECODE\FLIPENGINE\FLIPENGINE\DEBUG\MESHLOADERB3D.OBJ
E:\MYSOURCECODE\FLIPENGINE\FLIPENGINE\DEBUG\MESHRENDER.OBJ
E:\MYSOURCECODE\FLIPENGINE\FLIPENGINE\DEBUG\PIPELINE.OBJ
E:\MYSOURCECODE\FLIPENGINE\FLIPENGINE\DEBUG\PIPELINEP.OBJ
E:\MYSOURCECODE\FLIPENGINE\FLIPENGINE\DEBUG\PIPELINEPOSTEXLIG.OBJ
E:\MYSOURCECODE\FLIPENGINE\FLIPENGINE\DEBUG\PIPELINEPT.OBJ
E:\MYSOURCECODE\FLIPENGINE\FLIPENGINE\DEBUG\QUAT.OBJ
E:\MYSOURCECODE\FLIPENGINE\FLIPENGINE\DEBUG\RESOURCEMANAGER.OBJ
E:\MYSOURCECODE\FLIPENGINE\FLIPENGINE\DEBUG\SHADOWVOLUME.OBJ
E:\MYSOURCECODE\FLIPENGINE\FLIPENGINE\DEBUG\SKINNEDMESH.OBJ
E:\MYSOURCECODE\FLIPENGINE\FLIPENGINE\DEBUG\TEXTURE.OBJ
E:\MYSOURCECODE\FLIPENGINE\FLIPENGINE\DEBUG\UIRENDER.OBJ
E:\MYSOURCECODE\FLIPENGINE\FLIPENGINE\DEBUG\VEC2.OBJ
E:\MYSOURCECODE\FLIPENGINE\FLIPENGINE\DEBUG\DRAWHELPER.OBJ
E:\MYSOURCECODE\FLIPENGINE\FLIPENGINE\DEBUG\FILEWRITER.OBJ
E:\MYSOURCECODE\FLIPENGINE\FLIPENGINE\DEBUG\FONTGENERATOR.OBJ
E:\MYSOURCECODE\FLIPENGINE\FLIPENGINE\DEBUG\FPSCAMERACONTROLLER.OBJ
E:\MYSOURCECODE\FLIPENGINE\FLIPENGINE\DEBUG\FPSCOUNTER.OBJ
E:\MYSOURCECODE\FLIPENGINE\FLIPENGINE\DEBUG\GLUTILS.OBJ
E:\MYSOURCECODE\FLIPENGINE\FLIPENGINE\DEBUG\IMAGE.OBJ
E:\MYSOURCECODE\FLIPENGINE\FLIPENGINE\DEBUG\VC110.PDB
E:\MYSOURCECODE\FLIPENGINE\FLIPENGINE\DEBUG\PNGRIO.OBJ
E:\MYSOURCECODE\FLIPENGINE\FLIPENGINE\DEBUG\PNGRTRAN.OBJ
E:\MYSOURCECODE\FLIPENGINE\FLIPENGINE\DEBUG\PNGRUTIL.OBJ
E:\MYSOURCECODE\FLIPENGINE\FLIPENGINE\DEBUG\PNGSET.OBJ
E:\MYSOURCECODE\FLIPENGINE\FLIPENGINE\DEBUG\PNGTRANS.OBJ
E:\MYSOURCECODE\FLIPENGINE\FLIPENGINE\DEBUG\PNGWIO.OBJ
E:\MYSOURCECODE\FLIPENGINE\FLIPENGINE\DEBUG\PNGWRITE.OBJ
E:\MYSOURCECODE\FLIPENGINE\FLIPENGINE\DEBUG\PNGWTRAN.OBJ
E:\MYSOURCECODE\FLIPENGINE\FLIPENGINE\DEBUG\PNGWUTIL.OBJ
E:\MYSOURCECODE\FLIPENGINE\FLIPENGINE\DEBUG\ADLER32.OBJ
E:\MYSOURCECODE\FLIPENGINE\FLIPENGINE\DEBUG\COMPRESS.OBJ
E:\MYSOURCECODE\FLIPENGINE\FLIPENGINE\DEBUG\CRC32.OBJ
E:\MYSOURCECODE\FLIPENGINE\FLIPENGINE\DEBUG\DEFLATE.OBJ
E:\MYSOURCECODE\FLIPENGINE\FLIPENGINE\DEBUG\INFBACK.OBJ
E:\MYSOURCECODE\FLIPENGINE\FLIPENGINE\DEBUG\INFFAST.OBJ
E:\MYSOURCECODE\FLIPENGINE\FLIPENGINE\DEBUG\INFLATE.OBJ
E:\MYSOURCECODE\FLIPENGINE\FLIPENGINE\DEBUG\INFTREES.OBJ
E:\MYSOURCECODE\FLIPENGINE\FLIPENGINE\DEBUG\TREES.OBJ
E:\MYSOURCECODE\FLIPENGINE\FLIPENGINE\DEBUG\UNCOMPR.OBJ
E:\MYSOURCECODE\FLIPENGINE\FLIPENGINE\DEBUG\ZUTIL.OBJ
E:\MYSOURCECODE\FLIPENGINE\FLIPENGINE\DEBUG\JDSAMPLE.OBJ
E:\MYSOURCECODE\FLIPENGINE\FLIPENGINE\DEBUG\JDTRANS.OBJ
E:\MYSOURCECODE\FLIPENGINE\FLIPENGINE\DEBUG\JERROR.OBJ
E:\MYSOURCECODE\FLIPENGINE\FLIPENGINE\DEBUG\JFDCTFLT.OBJ
E:\MYSOURCECODE\FLIPENGINE\FLIPENGINE\DEBUG\JFDCTFST.OBJ
E:\MYSOURCECODE\FLIPENGINE\FLIPENGINE\DEBUG\JFDCTINT.OBJ
E:\MYSOURCECODE\FLIPENGINE\FLIPENGINE\DEBUG\JIDCTFLT.OBJ
E:\MYSOURCECODE\FLIPENGINE\FLIPENGINE\DEBUG\JIDCTFST.OBJ
E:\MYSOURCECODE\FLIPENGINE\FLIPENGINE\DEBUG\JIDCTINT.OBJ
E:\MYSOURCECODE\FLIPENGINE\FLIPENGINE\DEBUG\JMEMMGR.OBJ
E:\MYSOURCECODE\FLIPENGINE\FLIPENGINE\DEBUG\JMEMNOBS.OBJ
E:\MYSOURCECODE\FLIPENGINE\FLIPENGINE\DEBUG\JQUANT1.OBJ
E:\MYSOURCECODE\FLIPENGINE\FLIPENGINE\DEBUG\JQUANT2.OBJ
E:\MYSOURCECODE\FLIPENGINE\FLIPENGINE\DEBUG\JUTILS.OBJ
E:\MYSOURCECODE\FLIPENGINE\FLIPENGINE\DEBUG\PNG.OBJ
E:\MYSOURCECODE\FLIPENGINE\FLIPENGINE\DEBUG\PNGERROR.OBJ
E:\MYSOURCECODE\FLIPENGINE\FLIPENGINE\DEBUG\PNGGET.OBJ
E:\MYSOURCECODE\FLIPENGINE\FLIPENGINE\DEBUG\PNGMEM.OBJ
E:\MYSOURCECODE\FLIPENGINE\FLIPENGINE\DEBUG\PNGPREAD.OBJ
E:\MYSOURCECODE\FLIPENGINE\FLIPENGINE\DEBUG\PNGREAD.OBJ
E:\MYSOURCECODE\FLIPENGINE\FLIPENGINE\DEBUG\JCOMAPI.OBJ
E:\MYSOURCECODE\FLIPENGINE\FLIPENGINE\DEBUG\JCPARAM.OBJ
E:\MYSOURCECODE\FLIPENGINE\FLIPENGINE\DEBUG\JCPREPCT.OBJ
E:\MYSOURCECODE\FLIPENGINE\FLIPENGINE\DEBUG\JCSAMPLE.OBJ
E:\MYSOURCECODE\FLIPENGINE\FLIPENGINE\DEBUG\JCTRANS.OBJ
E:\MYSOURCECODE\FLIPENGINE\FLIPENGINE\DEBUG\JDAPIMIN.OBJ
E:\MYSOURCECODE\FLIPENGINE\FLIPENGINE\DEBUG\JDAPISTD.OBJ
E:\MYSOURCECODE\FLIPENGINE\FLIPENGINE\DEBUG\JDARITH.OBJ
E:\MYSOURCECODE\FLIPENGINE\FLIPENGINE\DEBUG\JDATADST.OBJ
E:\MYSOURCECODE\FLIPENGINE\FLIPENGINE\DEBUG\JDATASRC.OBJ
E:\MYSOURCECODE\FLIPENGINE\FLIPENGINE\DEBUG\JDCOEFCT.OBJ
E:\MYSOURCECODE\FLIPENGINE\FLIPENGINE\DEBUG\JDCOLOR.OBJ
E:\MYSOURCECODE\FLIPENGINE\FLIPENGINE\DEBUG\JDDCTMGR.OBJ
E:\MYSOURCECODE\FLIPENGINE\FLIPENGINE\DEBUG\JDHUFF.OBJ
E:\MYSOURCECODE\FLIPENGINE\FLIPENGINE\DEBUG\JDINPUT.OBJ
E:\MYSOURCECODE\FLIPENGINE\FLIPENGINE\DEBUG\JDMAINCT.OBJ
E:\MYSOURCECODE\FLIPENGINE\FLIPENGINE\DEBUG\JDMARKER.OBJ
E:\MYSOURCECODE\FLIPENGINE\FLIPENGINE\DEBUG\JDMASTER.OBJ
E:\MYSOURCECODE\FLIPENGINE\FLIPENGINE\DEBUG\JDMERGE.OBJ
E:\MYSOURCECODE\FLIPENGINE\FLIPENGINE\DEBUG\JDPOSTCT.OBJ
E:\MYSOURCECODE\FLIPENGINE\FLIPENGINE\DEBUG\JARICOM.OBJ
E:\MYSOURCECODE\FLIPENGINE\FLIPENGINE\DEBUG\JCAPIMIN.OBJ
E:\MYSOURCECODE\FLIPENGINE\FLIPENGINE\DEBUG\JCAPISTD.OBJ
E:\MYSOURCECODE\FLIPENGINE\FLIPENGINE\DEBUG\JCARITH.OBJ
E:\MYSOURCECODE\FLIPENGINE\FLIPENGINE\DEBUG\JCCOEFCT.OBJ
E:\MYSOURCECODE\FLIPENGINE\FLIPENGINE\DEBUG\JCCOLOR.OBJ
E:\MYSOURCECODE\FLIPENGINE\FLIPENGINE\DEBUG\JCDCTMGR.OBJ
E:\MYSOURCECODE\FLIPENGINE\FLIPENGINE\DEBUG\JCHUFF.OBJ
E:\MYSOURCECODE\FLIPENGINE\FLIPENGINE\DEBUG\JCINIT.OBJ
E:\MYSOURCECODE\FLIPENGINE\FLIPENGINE\DEBUG\JCMAINCT.OBJ
E:\MYSOURCECODE\FLIPENGINE\FLIPENGINE\DEBUG\JCMARKER.OBJ
E:\MYSOURCECODE\FLIPENGINE\FLIPENGINE\DEBUG\JCMASTER.OBJ
E:\MYSOURCECODE\FLIPENGINE\DEBUG\FLIPENGINE.LIB
E:\MySourceCode\FlipEngine\FlipEngine\Debug\adler32.obj
E:\MySourceCode\FlipEngine\FlipEngine\Debug\compress.obj
E:\MySourceCode\FlipEngine\FlipEngine\Debug\crc32.obj
E:\MySourceCode\FlipEngine\FlipEngine\Debug\deflate.obj
E:\MySourceCode\FlipEngine\FlipEngine\Debug\DrawHelper.obj
E:\MySourceCode\FlipEngine\FlipEngine\Debug\FileWriter.obj
E:\MySourceCode\FlipEngine\FlipEngine\Debug\FontGenerator.obj
E:\MySourceCode\FlipEngine\FlipEngine\Debug\FPSCameraController.obj
E:\MySourceCode\FlipEngine\FlipEngine\Debug\FPSCounter.obj
E:\MySourceCode\FlipEngine\FlipEngine\Debug\glutils.obj
E:\MySourceCode\FlipEngine\FlipEngine\Debug\Image.obj
E:\MySourceCode\FlipEngine\FlipEngine\Debug\ImageLoaderBMP.obj
E:\MySourceCode\FlipEngine\FlipEngine\Debug\ImageLoaderDDS.obj
E:\MySourceCode\FlipEngine\FlipEngine\Debug\ImageLoaderJPG.obj
E:\MySourceCode\FlipEngine\FlipEngine\Debug\ImageLoaderPNG.obj
E:\MySourceCode\FlipEngine\FlipEngine\Debug\infback.obj
E:\MySourceCode\FlipEngine\FlipEngine\Debug\inffast.obj
E:\MySourceCode\FlipEngine\FlipEngine\Debug\inflate.obj
E:\MySourceCode\FlipEngine\FlipEngine\Debug\inftrees.obj
E:\MySourceCode\FlipEngine\FlipEngine\Debug\jaricom.obj
E:\MySourceCode\FlipEngine\FlipEngine\Debug\jcapimin.obj
E:\MySourceCode\FlipEngine\FlipEngine\Debug\jcapistd.obj
E:\MySourceCode\FlipEngine\FlipEngine\Debug\jcarith.obj
E:\MySourceCode\FlipEngine\FlipEngine\Debug\jccoefct.obj
E:\MySourceCode\FlipEngine\FlipEngine\Debug\jccolor.obj
E:\MySourceCode\FlipEngine\FlipEngine\Debug\jcdctmgr.obj
E:\MySourceCode\FlipEngine\FlipEngine\Debug\jchuff.obj
E:\MySourceCode\FlipEngine\FlipEngine\Debug\jcinit.obj
E:\MySourceCode\FlipEngine\FlipEngine\Debug\jcmainct.obj
E:\MySourceCode\FlipEngine\FlipEngine\Debug\jcmarker.obj
E:\MySourceCode\FlipEngine\FlipEngine\Debug\jcmaster.obj
E:\MySourceCode\FlipEngine\FlipEngine\Debug\jcomapi.obj
E:\MySourceCode\FlipEngine\FlipEngine\Debug\jcparam.obj
E:\MySourceCode\FlipEngine\FlipEngine\Debug\jcprepct.obj
E:\MySourceCode\FlipEngine\FlipEngine\Debug\jcsample.obj
E:\MySourceCode\FlipEngine\FlipEngine\Debug\jctrans.obj
E:\MySourceCode\FlipEngine\FlipEngine\Debug\jdapimin.obj
E:\MySourceCode\FlipEngine\FlipEngine\Debug\jdapistd.obj
E:\MySourceCode\FlipEngine\FlipEngine\Debug\jdarith.obj
E:\MySourceCode\FlipEngine\FlipEngine\Debug\jdatadst.obj
E:\MySourceCode\FlipEngine\FlipEngine\Debug\jdatasrc.obj
E:\MySourceCode\FlipEngine\FlipEngine\Debug\jdcoefct.obj
E:\MySourceCode\FlipEngine\FlipEngine\Debug\jdcolor.obj
E:\MySourceCode\FlipEngine\FlipEngine\Debug\jddctmgr.obj
E:\MySourceCode\FlipEngine\FlipEngine\Debug\jdhuff.obj
E:\MySourceCode\FlipEngine\FlipEngine\Debug\jdinput.obj
E:\MySourceCode\FlipEngine\FlipEngine\Debug\jdmainct.obj
E:\MySourceCode\FlipEngine\FlipEngine\Debug\jdmarker.obj
E:\MySourceCode\FlipEngine\FlipEngine\Debug\jdmaster.obj
E:\MySourceCode\FlipEngine\FlipEngine\Debug\jdmerge.obj
E:\MySourceCode\FlipEngine\FlipEngine\Debug\jdpostct.obj
E:\MySourceCode\FlipEngine\FlipEngine\Debug\jdsample.obj
E:\MySourceCode\FlipEngine\FlipEngine\Debug\jdtrans.obj
E:\MySourceCode\FlipEngine\FlipEngine\Debug\jerror.obj
E:\MySourceCode\FlipEngine\FlipEngine\Debug\jfdctflt.obj
E:\MySourceCode\FlipEngine\FlipEngine\Debug\jfdctfst.obj
E:\MySourceCode\FlipEngine\FlipEngine\Debug\jfdctint.obj
E:\MySourceCode\FlipEngine\FlipEngine\Debug\jidctflt.obj
E:\MySourceCode\FlipEngine\FlipEngine\Debug\jidctfst.obj
E:\MySourceCode\FlipEngine\FlipEngine\Debug\jidctint.obj
E:\MySourceCode\FlipEngine\FlipEngine\Debug\jmemmgr.obj
E:\MySourceCode\FlipEngine\FlipEngine\Debug\jmemnobs.obj
E:\MySourceCode\FlipEngine\FlipEngine\Debug\jquant1.obj
E:\MySourceCode\FlipEngine\FlipEngine\Debug\jquant2.obj
E:\MySourceCode\FlipEngine\FlipEngine\Debug\jutils.obj
E:\MySourceCode\FlipEngine\FlipEngine\Debug\Light.obj
E:\MySourceCode\FlipEngine\FlipEngine\Debug\mat4.obj
E:\MySourceCode\FlipEngine\FlipEngine\Debug\Mesh.obj
E:\MySourceCode\FlipEngine\FlipEngine\Debug\MeshLoaderB3D.obj
E:\MySourceCode\FlipEngine\FlipEngine\Debug\MeshRender.obj
E:\MySourceCode\FlipEngine\FlipEngine\Debug\Pipeline.obj
E:\MySourceCode\FlipEngine\FlipEngine\Debug\PipelineP.obj
E:\MySourceCode\FlipEngine\FlipEngine\Debug\PipelinePosTexLig.obj
E:\MySourceCode\FlipEngine\FlipEngine\Debug\PipelinePT.obj
E:\MySourceCode\FlipEngine\FlipEngine\Debug\png.obj
E:\MySourceCode\FlipEngine\FlipEngine\Debug\pngerror.obj
E:\MySourceCode\FlipEngine\FlipEngine\Debug\pngget.obj
E:\MySourceCode\FlipEngine\FlipEngine\Debug\pngmem.obj
E:\MySourceCode\FlipEngine\FlipEngine\Debug\pngpread.obj
E:\MySourceCode\FlipEngine\FlipEngine\Debug\pngread.obj
E:\MySourceCode\FlipEngine\FlipEngine\Debug\pngrio.obj
E:\MySourceCode\FlipEngine\FlipEngine\Debug\pngrtran.obj
E:\MySourceCode\FlipEngine\FlipEngine\Debug\pngrutil.obj
E:\MySourceCode\FlipEngine\FlipEngine\Debug\pngset.obj
E:\MySourceCode\FlipEngine\FlipEngine\Debug\pngtrans.obj
E:\MySourceCode\FlipEngine\FlipEngine\Debug\pngwio.obj
E:\MySourceCode\FlipEngine\FlipEngine\Debug\pngwrite.obj
E:\MySourceCode\FlipEngine\FlipEngine\Debug\pngwtran.obj
E:\MySourceCode\FlipEngine\FlipEngine\Debug\pngwutil.obj
E:\MySourceCode\FlipEngine\FlipEngine\Debug\quat.obj
E:\MySourceCode\FlipEngine\FlipEngine\Debug\ResourceManager.obj
E:\MySourceCode\FlipEngine\FlipEngine\Debug\ShadowVolume.obj
E:\MySourceCode\FlipEngine\FlipEngine\Debug\SkinnedMesh.obj
E:\MySourceCode\FlipEngine\FlipEngine\Debug\Texture.obj
E:\MySourceCode\FlipEngine\FlipEngine\Debug\trees.obj
E:\MySourceCode\FlipEngine\FlipEngine\Debug\UIRender.obj
E:\MySourceCode\FlipEngine\FlipEngine\Debug\uncompr.obj
E:\MySourceCode\FlipEngine\FlipEngine\Debug\vec2.obj
E:\MySourceCode\FlipEngine\FlipEngine\Debug\zutil.obj
E:\MySourceCode\FlipEngine\FlipEngine\Debug\cl.command.1.tlog
E:\MySourceCode\FlipEngine\FlipEngine\Debug\CL.read.1.tlog
E:\MySourceCode\FlipEngine\FlipEngine\Debug\CL.write.1.tlog
E:\MySourceCode\FlipEngine\FlipEngine\Debug\Lib-link.read.1.tlog
E:\MySourceCode\FlipEngine\FlipEngine\Debug\Lib-link.write.1.tlog
E:\MySourceCode\FlipEngine\FlipEngine\Debug\lib.command.1.tlog
E:\MySourceCode\FlipEngine\FlipEngine\Debug\vc110.idb
E:\MySourceCode\FlipEngine\FlipEngine\Debug\vc110.pdb
E:\MySourceCode\FlipEngine\Debug\FlipEngine.lib
