生成启动时间为 2015-9-16 18:29:20。
     1>项目“E:\MySourceCode\FlipEngine1\FlipEngine\FlipEngine.vcxproj”在节点 2 上(Build 个目标)。
       项目文件包含 ToolsVersion="12.0"。此工具集可能未知或缺失(您可以通过安装相应版本的 MSBuild 来解决该问题)，或者该生成因策略原因已被强制更改为特殊 ToolsVersion。将此项目视作具有 ToolsVersion="4.0"。有关更多信息，请参见 http://go.microsoft.com/fwlink/?LinkId=291333。
     1>ClCompile:
         D:\Program Files (x86)\Microsoft Visual Studio 11.0\VC\bin\CL.exe /c /I../Engine /I../Engine\include /I../Engine/zlib /ZI /nologo /W3 /WX- /sdl /Od /Oy- /D _MBCS /D _CRT_SECURE_NO_WARNINGS /D _MBCS /Gm /EHsc /RTC1 /MDd /GS /fp:precise /Zc:wchar_t /Zc:forScope /Fo"Debug\\" /Fd"Debug\vc110.pdb" /Gd /TP /analyze- /errorReport:prompt ..\Engine\DrawHelper.cpp ..\Engine\PipelineP.cpp ..\Engine\PipelinePT.cpp ..\Engine\PipelinePosTexLig.cpp ..\Engine\glutils.cpp
         DrawHelper.cpp
         正在生成代码...
         正在编译...
         glutils.cpp
         PipelinePosTexLig.cpp
         PipelinePT.cpp
         PipelineP.cpp
         正在生成代码...
       Lib:
         D:\Program Files (x86)\Microsoft Visual Studio 11.0\VC\bin\Lib.exe /OUT:"E:\MySourceCode\FlipEngine1\Debug\FlipEngine.lib" /NOLOGO Debug\DrawHelper.obj
         Debug\FileWriter.obj
         Debug\FontGenerator.obj
         Debug\FPSCameraController.obj
         Debug\FPSCounter.obj
         Debug\glutils.obj
         Debug\Image.obj
         Debug\ImageLoaderBMP.obj
         Debug\ImageLoaderDDS.obj
         Debug\ImageLoaderJPG.obj
         Debug\ImageLoaderPNG.obj
         Debug\jaricom.obj
         Debug\jcapimin.obj
         Debug\jcapistd.obj
         Debug\jcarith.obj
         Debug\jccoefct.obj
         Debug\jccolor.obj
         Debug\jcdctmgr.obj
         Debug\jchuff.obj
         Debug\jcinit.obj
         Debug\jcmainct.obj
         Debug\jcmarker.obj
         Debug\jcmaster.obj
         Debug\jcomapi.obj
         Debug\jcparam.obj
         Debug\jcprepct.obj
         Debug\jcsample.obj
         Debug\jctrans.obj
         Debug\jdapimin.obj
         Debug\jdapistd.obj
         Debug\jdarith.obj
         Debug\jdatadst.obj
         Debug\jdatasrc.obj
         Debug\jdcoefct.obj
         Debug\jdcolor.obj
         Debug\jddctmgr.obj
         Debug\jdhuff.obj
         Debug\jdinput.obj
         Debug\jdmainct.obj
         Debug\jdmarker.obj
         Debug\jdmaster.obj
         Debug\jdmerge.obj
         Debug\jdpostct.obj
         Debug\jdsample.obj
         Debug\jdtrans.obj
         Debug\jerror.obj
         Debug\jfdctflt.obj
         Debug\jfdctfst.obj
         Debug\jfdctint.obj
         Debug\jidctflt.obj
         Debug\jidctfst.obj
         Debug\jidctint.obj
         Debug\jmemmgr.obj
         Debug\jmemnobs.obj
         Debug\jquant1.obj
         Debug\jquant2.obj
         Debug\jutils.obj
         Debug\png.obj
         Debug\pngerror.obj
         Debug\pngget.obj
         Debug\pngmem.obj
         Debug\pngpread.obj
         Debug\pngread.obj
         Debug\pngrio.obj
         Debug\pngrtran.obj
         Debug\pngrutil.obj
         Debug\pngset.obj
         Debug\pngtrans.obj
         Debug\pngwio.obj
         Debug\pngwrite.obj
         Debug\pngwtran.obj
         Debug\pngwutil.obj
         Debug\Light.obj
         Debug\mat4.obj
         Debug\Mesh.obj
         Debug\MeshLoaderB3D.obj
         Debug\MeshRender.obj
         Debug\Pipeline.obj
         Debug\PipelineP.obj
         Debug\PipelinePosTexLig.obj
         Debug\PipelinePT.obj
         Debug\quat.obj
         Debug\ResourceManager.obj
         Debug\ShadowVolume.obj
         Debug\SkinnedMesh.obj
         Debug\Texture.obj
         Debug\UIRender.obj
         Debug\vec2.obj
         Debug\adler32.obj
         Debug\compress.obj
         Debug\crc32.obj
         Debug\deflate.obj
         Debug\infback.obj
         Debug\inffast.obj
         Debug\inflate.obj
         Debug\inftrees.obj
         Debug\trees.obj
         Debug\uncompr.obj
         Debug\zutil.obj
         FlipEngine.vcxproj -> E:\MySourceCode\FlipEngine1\Debug\FlipEngine.lib
     1>已完成生成项目“E:\MySourceCode\FlipEngine1\FlipEngine\FlipEngine.vcxproj”(Build 个目标)的操作。

生成成功。

已用时间 00:00:06.09
