E:\MYSOURCECODE\FLIPENGINE1\SAMPLER05\DEBUG\IMAGELOADERJPG.OBJ
E:\MYSOURCECODE\FLIPENGINE1\SAMPLER05\DEBUG\IMAGELOADERPNG.OBJ
E:\MYSOURCECODE\FLIPENGINE1\SAMPLER05\DEBUG\MAT4.OBJ
E:\MYSOURCECODE\FLIPENGINE1\SAMPLER05\DEBUG\MESH.OBJ
E:\MYSOURCECODE\FLIPENGINE1\SAMPLER05\DEBUG\MESHLOADERB3D.OBJ
E:\MYSOURCECODE\FLIPENGINE1\SAMPLER05\DEBUG\PIPELINEP.OBJ
E:\MYSOURCECODE\FLIPENGINE1\SAMPLER05\DEBUG\PIPELINEPOSTEXLIG.OBJ
E:\MYSOURCECODE\FLIPENGINE1\SAMPLER05\DEBUG\PIPELINEPT.OBJ
E:\MYSOURCECODE\FLIPENGINE1\SAMPLER05\DEBUG\QUAT.OBJ
E:\MYSOURCECODE\FLIPENGINE1\SAMPLER05\DEBUG\MATERIAL.OBJ
E:\MYSOURCECODE\FLIPENGINE1\SAMPLER05\DEBUG\RENDERQUEUE.OBJ
E:\MYSOURCECODE\FLIPENGINE1\SAMPLER05\DEBUG\RENDERSYSTEM.OBJ
E:\MYSOURCECODE\FLIPENGINE1\SAMPLER05\DEBUG\RESOURCESYSTEM.OBJ
E:\MYSOURCECODE\FLIPENGINE1\SAMPLER05\DEBUG\WIN_GLUTILSIMP.OBJ
E:\MYSOURCECODE\FLIPENGINE1\SAMPLER05\DEBUG\WIN_MAIN.OBJ
E:\MYSOURCECODE\FLIPENGINE1\SAMPLER05\DEBUG\WIN_SHARED.OBJ
E:\MYSOURCECODE\FLIPENGINE1\SAMPLER05\DEBUG\WIN_SYSCON.OBJ
E:\MYSOURCECODE\FLIPENGINE1\SAMPLER05\DEBUG\WIN_WNDPROC.OBJ
E:\MYSOURCECODE\FLIPENGINE1\SAMPLER05\DEBUG\TEXTURE.OBJ
E:\MYSOURCECODE\FLIPENGINE1\SAMPLER05\DEBUG\VEC2.OBJ
E:\MYSOURCECODE\FLIPENGINE1\SAMPLER05\DEBUG\STR.OBJ
E:\MYSOURCECODE\FLIPENGINE1\SAMPLER05\DEBUG\DRAWHELPER.OBJ
E:\MYSOURCECODE\FLIPENGINE1\SAMPLER05\DEBUG\COMMON.OBJ
E:\MYSOURCECODE\FLIPENGINE1\SAMPLER05\DEBUG\EDITFIELD.OBJ
E:\MYSOURCECODE\FLIPENGINE1\SAMPLER05\DEBUG\GLUTILS.OBJ
E:\MYSOURCECODE\FLIPENGINE1\SAMPLER05\DEBUG\IMAGE.OBJ
E:\MYSOURCECODE\FLIPENGINE1\SAMPLER05\DEBUG\IMAGELOADERBMP.OBJ
E:\MYSOURCECODE\FLIPENGINE1\SAMPLER05\DEBUG\IMAGELOADERDDS.OBJ
E:\MYSOURCECODE\FLIPENGINE1\SAMPLER05\DEBUG\VC110.PDB
E:\MYSOURCECODE\FLIPENGINE1\SAMPLER05\DEBUG\PNGRIO.OBJ
E:\MYSOURCECODE\FLIPENGINE1\SAMPLER05\DEBUG\PNGRTRAN.OBJ
E:\MYSOURCECODE\FLIPENGINE1\SAMPLER05\DEBUG\PNGRUTIL.OBJ
E:\MYSOURCECODE\FLIPENGINE1\SAMPLER05\DEBUG\PNGSET.OBJ
E:\MYSOURCECODE\FLIPENGINE1\SAMPLER05\DEBUG\PNGTRANS.OBJ
E:\MYSOURCECODE\FLIPENGINE1\SAMPLER05\DEBUG\PNGWIO.OBJ
E:\MYSOURCECODE\FLIPENGINE1\SAMPLER05\DEBUG\PNGWRITE.OBJ
E:\MYSOURCECODE\FLIPENGINE1\SAMPLER05\DEBUG\PNGWTRAN.OBJ
E:\MYSOURCECODE\FLIPENGINE1\SAMPLER05\DEBUG\PNGWUTIL.OBJ
E:\MYSOURCECODE\FLIPENGINE1\SAMPLER05\DEBUG\ADLER32.OBJ
E:\MYSOURCECODE\FLIPENGINE1\SAMPLER05\DEBUG\COMPRESS.OBJ
E:\MYSOURCECODE\FLIPENGINE1\SAMPLER05\DEBUG\CRC32.OBJ
E:\MYSOURCECODE\FLIPENGINE1\SAMPLER05\DEBUG\DEFLATE.OBJ
E:\MYSOURCECODE\FLIPENGINE1\SAMPLER05\DEBUG\INFBACK.OBJ
E:\MYSOURCECODE\FLIPENGINE1\SAMPLER05\DEBUG\INFFAST.OBJ
E:\MYSOURCECODE\FLIPENGINE1\SAMPLER05\DEBUG\INFLATE.OBJ
E:\MYSOURCECODE\FLIPENGINE1\SAMPLER05\DEBUG\INFTREES.OBJ
E:\MYSOURCECODE\FLIPENGINE1\SAMPLER05\DEBUG\TREES.OBJ
E:\MYSOURCECODE\FLIPENGINE1\SAMPLER05\DEBUG\UNCOMPR.OBJ
E:\MYSOURCECODE\FLIPENGINE1\SAMPLER05\DEBUG\ZUTIL.OBJ
E:\MYSOURCECODE\FLIPENGINE1\SAMPLER05\DEBUG\JDSAMPLE.OBJ
E:\MYSOURCECODE\FLIPENGINE1\SAMPLER05\DEBUG\JDTRANS.OBJ
E:\MYSOURCECODE\FLIPENGINE1\SAMPLER05\DEBUG\JERROR.OBJ
E:\MYSOURCECODE\FLIPENGINE1\SAMPLER05\DEBUG\JFDCTFLT.OBJ
E:\MYSOURCECODE\FLIPENGINE1\SAMPLER05\DEBUG\JFDCTFST.OBJ
E:\MYSOURCECODE\FLIPENGINE1\SAMPLER05\DEBUG\JFDCTINT.OBJ
E:\MYSOURCECODE\FLIPENGINE1\SAMPLER05\DEBUG\JIDCTFLT.OBJ
E:\MYSOURCECODE\FLIPENGINE1\SAMPLER05\DEBUG\JIDCTFST.OBJ
E:\MYSOURCECODE\FLIPENGINE1\SAMPLER05\DEBUG\JIDCTINT.OBJ
E:\MYSOURCECODE\FLIPENGINE1\SAMPLER05\DEBUG\JMEMANSI.OBJ
E:\MYSOURCECODE\FLIPENGINE1\SAMPLER05\DEBUG\JMEMMGR.OBJ
E:\MYSOURCECODE\FLIPENGINE1\SAMPLER05\DEBUG\JQUANT1.OBJ
E:\MYSOURCECODE\FLIPENGINE1\SAMPLER05\DEBUG\JQUANT2.OBJ
E:\MYSOURCECODE\FLIPENGINE1\SAMPLER05\DEBUG\JUTILS.OBJ
E:\MYSOURCECODE\FLIPENGINE1\SAMPLER05\DEBUG\PNG.OBJ
E:\MYSOURCECODE\FLIPENGINE1\SAMPLER05\DEBUG\PNGERROR.OBJ
E:\MYSOURCECODE\FLIPENGINE1\SAMPLER05\DEBUG\PNGGET.OBJ
E:\MYSOURCECODE\FLIPENGINE1\SAMPLER05\DEBUG\PNGMEM.OBJ
E:\MYSOURCECODE\FLIPENGINE1\SAMPLER05\DEBUG\PNGPREAD.OBJ
E:\MYSOURCECODE\FLIPENGINE1\SAMPLER05\DEBUG\PNGREAD.OBJ
E:\MYSOURCECODE\FLIPENGINE1\SAMPLER05\DEBUG\JCOMAPI.OBJ
E:\MYSOURCECODE\FLIPENGINE1\SAMPLER05\DEBUG\JCPARAM.OBJ
E:\MYSOURCECODE\FLIPENGINE1\SAMPLER05\DEBUG\JCPREPCT.OBJ
E:\MYSOURCECODE\FLIPENGINE1\SAMPLER05\DEBUG\JCSAMPLE.OBJ
E:\MYSOURCECODE\FLIPENGINE1\SAMPLER05\DEBUG\JCTRANS.OBJ
E:\MYSOURCECODE\FLIPENGINE1\SAMPLER05\DEBUG\JDAPIMIN.OBJ
E:\MYSOURCECODE\FLIPENGINE1\SAMPLER05\DEBUG\JDAPISTD.OBJ
E:\MYSOURCECODE\FLIPENGINE1\SAMPLER05\DEBUG\JDARITH.OBJ
E:\MYSOURCECODE\FLIPENGINE1\SAMPLER05\DEBUG\JDATADST.OBJ
E:\MYSOURCECODE\FLIPENGINE1\SAMPLER05\DEBUG\JDATASRC.OBJ
E:\MYSOURCECODE\FLIPENGINE1\SAMPLER05\DEBUG\JDCOEFCT.OBJ
E:\MYSOURCECODE\FLIPENGINE1\SAMPLER05\DEBUG\JDCOLOR.OBJ
E:\MYSOURCECODE\FLIPENGINE1\SAMPLER05\DEBUG\JDDCTMGR.OBJ
E:\MYSOURCECODE\FLIPENGINE1\SAMPLER05\DEBUG\JDHUFF.OBJ
E:\MYSOURCECODE\FLIPENGINE1\SAMPLER05\DEBUG\JDINPUT.OBJ
E:\MYSOURCECODE\FLIPENGINE1\SAMPLER05\DEBUG\JDMAINCT.OBJ
E:\MYSOURCECODE\FLIPENGINE1\SAMPLER05\DEBUG\JDMARKER.OBJ
E:\MYSOURCECODE\FLIPENGINE1\SAMPLER05\DEBUG\JDMASTER.OBJ
E:\MYSOURCECODE\FLIPENGINE1\SAMPLER05\DEBUG\JDMERGE.OBJ
E:\MYSOURCECODE\FLIPENGINE1\SAMPLER05\DEBUG\JDPOSTCT.OBJ
E:\MYSOURCECODE\FLIPENGINE1\SAMPLER05\DEBUG\JARICOM.OBJ
E:\MYSOURCECODE\FLIPENGINE1\SAMPLER05\DEBUG\JCAPIMIN.OBJ
E:\MYSOURCECODE\FLIPENGINE1\SAMPLER05\DEBUG\JCAPISTD.OBJ
E:\MYSOURCECODE\FLIPENGINE1\SAMPLER05\DEBUG\JCARITH.OBJ
E:\MYSOURCECODE\FLIPENGINE1\SAMPLER05\DEBUG\JCCOEFCT.OBJ
E:\MYSOURCECODE\FLIPENGINE1\SAMPLER05\DEBUG\JCCOLOR.OBJ
E:\MYSOURCECODE\FLIPENGINE1\SAMPLER05\DEBUG\JCDCTMGR.OBJ
E:\MYSOURCECODE\FLIPENGINE1\SAMPLER05\DEBUG\JCHUFF.OBJ
E:\MYSOURCECODE\FLIPENGINE1\SAMPLER05\DEBUG\JCINIT.OBJ
E:\MYSOURCECODE\FLIPENGINE1\SAMPLER05\DEBUG\JCMAINCT.OBJ
E:\MYSOURCECODE\FLIPENGINE1\SAMPLER05\DEBUG\JCMARKER.OBJ
E:\MYSOURCECODE\FLIPENGINE1\SAMPLER05\DEBUG\JCMASTER.OBJ
E:\MYSOURCECODE\FLIPENGINE1\SAMPLER05\DEBUG\SHADER.OBJ
E:\MYSOURCECODE\FLIPENGINE1\SAMPLER05\DEBUG\PIPELINEPTO.OBJ
E:\MYSOURCECODE\FLIPENGINE1\SAMPLER05\DEBUG\PIPELINE.OBJ
E:\MYSOURCECODE\FLIPENGINE1\SAMPLER05\DEBUG\TIMER.OBJ
E:\MYSOURCECODE\FLIPENGINE1\SAMPLER05\DEBUG\SPRITE.OBJ
E:\MYSOURCECODE\FLIPENGINE1\SAMPLER05\DEBUG\GAME.OBJ
E:\MYSOURCECODE\FLIPENGINE1\SAMPLER05\DEBUG\DRAW_COMMON.OBJ
E:\MYSOURCECODE\FLIPENGINE1\SAMPLER05\DEBUG\R_PUBLIC.OBJ
E:\MYSOURCECODE\FLIPENGINE1\SAMPLER05\DEBUG\JOINT.OBJ
E:\MYSOURCECODE\FLIPENGINE1\SAMPLER05\DEBUG\SHADOWVOLUME.OBJ
E:\MYSOURCECODE\FLIPENGINE1\SAMPLER05\DEBUG\FILE.OBJ
E:\MYSOURCECODE\FLIPENGINE1\DEBUG\SAMPLER05.ILK
E:\MYSOURCECODE\FLIPENGINE1\DEBUG\SAMPLER05.EXE
E:\MYSOURCECODE\FLIPENGINE1\DEBUG\SAMPLER05.PDB
E:\MySourceCode\FlipEngine1\Sampler05\Debug\adler32.obj
E:\MySourceCode\FlipEngine1\Sampler05\Debug\Common.obj
E:\MySourceCode\FlipEngine1\Sampler05\Debug\compress.obj
E:\MySourceCode\FlipEngine1\Sampler05\Debug\crc32.obj
E:\MySourceCode\FlipEngine1\Sampler05\Debug\deflate.obj
E:\MySourceCode\FlipEngine1\Sampler05\Debug\DrawHelper.obj
E:\MySourceCode\FlipEngine1\Sampler05\Debug\draw_common.obj
E:\MySourceCode\FlipEngine1\Sampler05\Debug\EditField.obj
E:\MySourceCode\FlipEngine1\Sampler05\Debug\File.obj
E:\MySourceCode\FlipEngine1\Sampler05\Debug\Game.obj
E:\MySourceCode\FlipEngine1\Sampler05\Debug\glutils.obj
E:\MySourceCode\FlipEngine1\Sampler05\Debug\Image.obj
E:\MySourceCode\FlipEngine1\Sampler05\Debug\ImageLoaderBMP.obj
E:\MySourceCode\FlipEngine1\Sampler05\Debug\ImageLoaderDDS.obj
E:\MySourceCode\FlipEngine1\Sampler05\Debug\ImageLoaderJPG.obj
E:\MySourceCode\FlipEngine1\Sampler05\Debug\ImageLoaderPNG.obj
E:\MySourceCode\FlipEngine1\Sampler05\Debug\infback.obj
E:\MySourceCode\FlipEngine1\Sampler05\Debug\inffast.obj
E:\MySourceCode\FlipEngine1\Sampler05\Debug\inflate.obj
E:\MySourceCode\FlipEngine1\Sampler05\Debug\inftrees.obj
E:\MySourceCode\FlipEngine1\Sampler05\Debug\jaricom.obj
E:\MySourceCode\FlipEngine1\Sampler05\Debug\jcapimin.obj
E:\MySourceCode\FlipEngine1\Sampler05\Debug\jcapistd.obj
E:\MySourceCode\FlipEngine1\Sampler05\Debug\jcarith.obj
E:\MySourceCode\FlipEngine1\Sampler05\Debug\jccoefct.obj
E:\MySourceCode\FlipEngine1\Sampler05\Debug\jccolor.obj
E:\MySourceCode\FlipEngine1\Sampler05\Debug\jcdctmgr.obj
E:\MySourceCode\FlipEngine1\Sampler05\Debug\jchuff.obj
E:\MySourceCode\FlipEngine1\Sampler05\Debug\jcinit.obj
E:\MySourceCode\FlipEngine1\Sampler05\Debug\jcmainct.obj
E:\MySourceCode\FlipEngine1\Sampler05\Debug\jcmarker.obj
E:\MySourceCode\FlipEngine1\Sampler05\Debug\jcmaster.obj
E:\MySourceCode\FlipEngine1\Sampler05\Debug\jcomapi.obj
E:\MySourceCode\FlipEngine1\Sampler05\Debug\jcparam.obj
E:\MySourceCode\FlipEngine1\Sampler05\Debug\jcprepct.obj
E:\MySourceCode\FlipEngine1\Sampler05\Debug\jcsample.obj
E:\MySourceCode\FlipEngine1\Sampler05\Debug\jctrans.obj
E:\MySourceCode\FlipEngine1\Sampler05\Debug\jdapimin.obj
E:\MySourceCode\FlipEngine1\Sampler05\Debug\jdapistd.obj
E:\MySourceCode\FlipEngine1\Sampler05\Debug\jdarith.obj
E:\MySourceCode\FlipEngine1\Sampler05\Debug\jdatadst.obj
E:\MySourceCode\FlipEngine1\Sampler05\Debug\jdatasrc.obj
E:\MySourceCode\FlipEngine1\Sampler05\Debug\jdcoefct.obj
E:\MySourceCode\FlipEngine1\Sampler05\Debug\jdcolor.obj
E:\MySourceCode\FlipEngine1\Sampler05\Debug\jddctmgr.obj
E:\MySourceCode\FlipEngine1\Sampler05\Debug\jdhuff.obj
E:\MySourceCode\FlipEngine1\Sampler05\Debug\jdinput.obj
E:\MySourceCode\FlipEngine1\Sampler05\Debug\jdmainct.obj
E:\MySourceCode\FlipEngine1\Sampler05\Debug\jdmarker.obj
E:\MySourceCode\FlipEngine1\Sampler05\Debug\jdmaster.obj
E:\MySourceCode\FlipEngine1\Sampler05\Debug\jdmerge.obj
E:\MySourceCode\FlipEngine1\Sampler05\Debug\jdpostct.obj
E:\MySourceCode\FlipEngine1\Sampler05\Debug\jdsample.obj
E:\MySourceCode\FlipEngine1\Sampler05\Debug\jdtrans.obj
E:\MySourceCode\FlipEngine1\Sampler05\Debug\jerror.obj
E:\MySourceCode\FlipEngine1\Sampler05\Debug\jfdctflt.obj
E:\MySourceCode\FlipEngine1\Sampler05\Debug\jfdctfst.obj
E:\MySourceCode\FlipEngine1\Sampler05\Debug\jfdctint.obj
E:\MySourceCode\FlipEngine1\Sampler05\Debug\jidctflt.obj
E:\MySourceCode\FlipEngine1\Sampler05\Debug\jidctfst.obj
E:\MySourceCode\FlipEngine1\Sampler05\Debug\jidctint.obj
E:\MySourceCode\FlipEngine1\Sampler05\Debug\jmemansi.obj
E:\MySourceCode\FlipEngine1\Sampler05\Debug\jmemmgr.obj
E:\MySourceCode\FlipEngine1\Sampler05\Debug\Joint.obj
E:\MySourceCode\FlipEngine1\Sampler05\Debug\jquant1.obj
E:\MySourceCode\FlipEngine1\Sampler05\Debug\jquant2.obj
E:\MySourceCode\FlipEngine1\Sampler05\Debug\jutils.obj
E:\MySourceCode\FlipEngine1\Sampler05\Debug\mat4.obj
E:\MySourceCode\FlipEngine1\Sampler05\Debug\Material.obj
E:\MySourceCode\FlipEngine1\Sampler05\Debug\Mesh.obj
E:\MySourceCode\FlipEngine1\Sampler05\Debug\MeshLoaderB3D.obj
E:\MySourceCode\FlipEngine1\Sampler05\Debug\Pipeline.obj
E:\MySourceCode\FlipEngine1\Sampler05\Debug\PipelineP.obj
E:\MySourceCode\FlipEngine1\Sampler05\Debug\PipelinePosTexLig.obj
E:\MySourceCode\FlipEngine1\Sampler05\Debug\PipelinePT.obj
E:\MySourceCode\FlipEngine1\Sampler05\Debug\PipelinePTO.obj
E:\MySourceCode\FlipEngine1\Sampler05\Debug\png.obj
E:\MySourceCode\FlipEngine1\Sampler05\Debug\pngerror.obj
E:\MySourceCode\FlipEngine1\Sampler05\Debug\pngget.obj
E:\MySourceCode\FlipEngine1\Sampler05\Debug\pngmem.obj
E:\MySourceCode\FlipEngine1\Sampler05\Debug\pngpread.obj
E:\MySourceCode\FlipEngine1\Sampler05\Debug\pngread.obj
E:\MySourceCode\FlipEngine1\Sampler05\Debug\pngrio.obj
E:\MySourceCode\FlipEngine1\Sampler05\Debug\pngrtran.obj
E:\MySourceCode\FlipEngine1\Sampler05\Debug\pngrutil.obj
E:\MySourceCode\FlipEngine1\Sampler05\Debug\pngset.obj
E:\MySourceCode\FlipEngine1\Sampler05\Debug\pngtrans.obj
E:\MySourceCode\FlipEngine1\Sampler05\Debug\pngwio.obj
E:\MySourceCode\FlipEngine1\Sampler05\Debug\pngwrite.obj
E:\MySourceCode\FlipEngine1\Sampler05\Debug\pngwtran.obj
E:\MySourceCode\FlipEngine1\Sampler05\Debug\pngwutil.obj
E:\MySourceCode\FlipEngine1\Sampler05\Debug\quat.obj
E:\MySourceCode\FlipEngine1\Sampler05\Debug\RenderQueue.obj
E:\MySourceCode\FlipEngine1\Sampler05\Debug\RenderSystem.obj
E:\MySourceCode\FlipEngine1\Sampler05\Debug\ResourceSystem.obj
E:\MySourceCode\FlipEngine1\Sampler05\Debug\r_public.obj
E:\MySourceCode\FlipEngine1\Sampler05\Debug\Shader.obj
E:\MySourceCode\FlipEngine1\Sampler05\Debug\ShadowVolume.obj
E:\MySourceCode\FlipEngine1\Sampler05\Debug\Sprite.obj
E:\MySourceCode\FlipEngine1\Sampler05\Debug\str.obj
E:\MySourceCode\FlipEngine1\Sampler05\Debug\Texture.obj
E:\MySourceCode\FlipEngine1\Sampler05\Debug\Timer.obj
E:\MySourceCode\FlipEngine1\Sampler05\Debug\trees.obj
E:\MySourceCode\FlipEngine1\Sampler05\Debug\uncompr.obj
E:\MySourceCode\FlipEngine1\Sampler05\Debug\vec2.obj
E:\MySourceCode\FlipEngine1\Sampler05\Debug\win_glutilsimp.obj
E:\MySourceCode\FlipEngine1\Sampler05\Debug\win_main.obj
E:\MySourceCode\FlipEngine1\Sampler05\Debug\win_shared.obj
E:\MySourceCode\FlipEngine1\Sampler05\Debug\win_syscon.obj
E:\MySourceCode\FlipEngine1\Sampler05\Debug\win_wndproc.obj
E:\MySourceCode\FlipEngine1\Sampler05\Debug\zutil.obj
E:\MySourceCode\FlipEngine1\Sampler05\Debug\cl.command.1.tlog
E:\MySourceCode\FlipEngine1\Sampler05\Debug\CL.read.1.tlog
E:\MySourceCode\FlipEngine1\Sampler05\Debug\CL.write.1.tlog
E:\MySourceCode\FlipEngine1\Sampler05\Debug\link-cvtres.read.1.tlog
E:\MySourceCode\FlipEngine1\Sampler05\Debug\link-cvtres.write.1.tlog
E:\MySourceCode\FlipEngine1\Sampler05\Debug\link-rc.read.1.tlog
E:\MySourceCode\FlipEngine1\Sampler05\Debug\link-rc.write.1.tlog
E:\MySourceCode\FlipEngine1\Sampler05\Debug\link.10292-cvtres.read.1.tlog
E:\MySourceCode\FlipEngine1\Sampler05\Debug\link.10292-cvtres.write.1.tlog
E:\MySourceCode\FlipEngine1\Sampler05\Debug\link.10292-rc.read.1.tlog
E:\MySourceCode\FlipEngine1\Sampler05\Debug\link.10292-rc.write.1.tlog
E:\MySourceCode\FlipEngine1\Sampler05\Debug\link.10292.read.1.tlog
E:\MySourceCode\FlipEngine1\Sampler05\Debug\link.10292.write.1.tlog
E:\MySourceCode\FlipEngine1\Sampler05\Debug\link.10336-cvtres.read.1.tlog
E:\MySourceCode\FlipEngine1\Sampler05\Debug\link.10336-cvtres.write.1.tlog
E:\MySourceCode\FlipEngine1\Sampler05\Debug\link.10336-rc.read.1.tlog
E:\MySourceCode\FlipEngine1\Sampler05\Debug\link.10336-rc.write.1.tlog
E:\MySourceCode\FlipEngine1\Sampler05\Debug\link.10336.read.1.tlog
E:\MySourceCode\FlipEngine1\Sampler05\Debug\link.10336.write.1.tlog
E:\MySourceCode\FlipEngine1\Sampler05\Debug\link.10404-cvtres.read.1.tlog
E:\MySourceCode\FlipEngine1\Sampler05\Debug\link.10404-cvtres.write.1.tlog
E:\MySourceCode\FlipEngine1\Sampler05\Debug\link.10404-rc.read.1.tlog
E:\MySourceCode\FlipEngine1\Sampler05\Debug\link.10404-rc.write.1.tlog
E:\MySourceCode\FlipEngine1\Sampler05\Debug\link.10404.read.1.tlog
E:\MySourceCode\FlipEngine1\Sampler05\Debug\link.10404.write.1.tlog
E:\MySourceCode\FlipEngine1\Sampler05\Debug\link.10436-cvtres.read.1.tlog
E:\MySourceCode\FlipEngine1\Sampler05\Debug\link.10436-cvtres.write.1.tlog
E:\MySourceCode\FlipEngine1\Sampler05\Debug\link.10436-rc.read.1.tlog
E:\MySourceCode\FlipEngine1\Sampler05\Debug\link.10436-rc.write.1.tlog
E:\MySourceCode\FlipEngine1\Sampler05\Debug\link.10436.read.1.tlog
E:\MySourceCode\FlipEngine1\Sampler05\Debug\link.10436.write.1.tlog
E:\MySourceCode\FlipEngine1\Sampler05\Debug\link.10528-cvtres.read.1.tlog
E:\MySourceCode\FlipEngine1\Sampler05\Debug\link.10528-cvtres.write.1.tlog
E:\MySourceCode\FlipEngine1\Sampler05\Debug\link.10528-rc.read.1.tlog
E:\MySourceCode\FlipEngine1\Sampler05\Debug\link.10528-rc.write.1.tlog
E:\MySourceCode\FlipEngine1\Sampler05\Debug\link.10528.read.1.tlog
E:\MySourceCode\FlipEngine1\Sampler05\Debug\link.10528.write.1.tlog
E:\MySourceCode\FlipEngine1\Sampler05\Debug\link.10660-cvtres.read.1.tlog
E:\MySourceCode\FlipEngine1\Sampler05\Debug\link.10660-cvtres.write.1.tlog
E:\MySourceCode\FlipEngine1\Sampler05\Debug\link.10660-rc.read.1.tlog
E:\MySourceCode\FlipEngine1\Sampler05\Debug\link.10660-rc.write.1.tlog
E:\MySourceCode\FlipEngine1\Sampler05\Debug\link.10660.read.1.tlog
E:\MySourceCode\FlipEngine1\Sampler05\Debug\link.10660.write.1.tlog
E:\MySourceCode\FlipEngine1\Sampler05\Debug\link.10684-cvtres.read.1.tlog
E:\MySourceCode\FlipEngine1\Sampler05\Debug\link.10684-cvtres.write.1.tlog
E:\MySourceCode\FlipEngine1\Sampler05\Debug\link.10684-rc.read.1.tlog
E:\MySourceCode\FlipEngine1\Sampler05\Debug\link.10684-rc.write.1.tlog
E:\MySourceCode\FlipEngine1\Sampler05\Debug\link.10684.read.1.tlog
E:\MySourceCode\FlipEngine1\Sampler05\Debug\link.10684.write.1.tlog
E:\MySourceCode\FlipEngine1\Sampler05\Debug\link.10868-cvtres.read.1.tlog
E:\MySourceCode\FlipEngine1\Sampler05\Debug\link.10868-cvtres.write.1.tlog
E:\MySourceCode\FlipEngine1\Sampler05\Debug\link.10868-rc.read.1.tlog
E:\MySourceCode\FlipEngine1\Sampler05\Debug\link.10868-rc.write.1.tlog
E:\MySourceCode\FlipEngine1\Sampler05\Debug\link.10868.read.1.tlog
E:\MySourceCode\FlipEngine1\Sampler05\Debug\link.10868.write.1.tlog
E:\MySourceCode\FlipEngine1\Sampler05\Debug\link.10912-cvtres.read.1.tlog
E:\MySourceCode\FlipEngine1\Sampler05\Debug\link.10912-cvtres.write.1.tlog
E:\MySourceCode\FlipEngine1\Sampler05\Debug\link.10912-rc.read.1.tlog
E:\MySourceCode\FlipEngine1\Sampler05\Debug\link.10912-rc.write.1.tlog
E:\MySourceCode\FlipEngine1\Sampler05\Debug\link.10912.read.1.tlog
E:\MySourceCode\FlipEngine1\Sampler05\Debug\link.10912.write.1.tlog
E:\MySourceCode\FlipEngine1\Sampler05\Debug\link.11132-cvtres.read.1.tlog
E:\MySourceCode\FlipEngine1\Sampler05\Debug\link.11132-cvtres.write.1.tlog
E:\MySourceCode\FlipEngine1\Sampler05\Debug\link.11132-rc.read.1.tlog
E:\MySourceCode\FlipEngine1\Sampler05\Debug\link.11132-rc.write.1.tlog
E:\MySourceCode\FlipEngine1\Sampler05\Debug\link.11132.read.1.tlog
E:\MySourceCode\FlipEngine1\Sampler05\Debug\link.11132.write.1.tlog
E:\MySourceCode\FlipEngine1\Sampler05\Debug\link.11368-cvtres.read.1.tlog
E:\MySourceCode\FlipEngine1\Sampler05\Debug\link.11368-cvtres.write.1.tlog
E:\MySourceCode\FlipEngine1\Sampler05\Debug\link.11368-rc.read.1.tlog
E:\MySourceCode\FlipEngine1\Sampler05\Debug\link.11368-rc.write.1.tlog
E:\MySourceCode\FlipEngine1\Sampler05\Debug\link.11368.read.1.tlog
E:\MySourceCode\FlipEngine1\Sampler05\Debug\link.11368.write.1.tlog
E:\MySourceCode\FlipEngine1\Sampler05\Debug\link.11500-cvtres.read.1.tlog
E:\MySourceCode\FlipEngine1\Sampler05\Debug\link.11500-cvtres.write.1.tlog
E:\MySourceCode\FlipEngine1\Sampler05\Debug\link.11500-rc.read.1.tlog
E:\MySourceCode\FlipEngine1\Sampler05\Debug\link.11500-rc.write.1.tlog
E:\MySourceCode\FlipEngine1\Sampler05\Debug\link.11500.read.1.tlog
E:\MySourceCode\FlipEngine1\Sampler05\Debug\link.11500.write.1.tlog
E:\MySourceCode\FlipEngine1\Sampler05\Debug\link.11696-cvtres.read.1.tlog
E:\MySourceCode\FlipEngine1\Sampler05\Debug\link.11696-cvtres.write.1.tlog
E:\MySourceCode\FlipEngine1\Sampler05\Debug\link.11696-rc.read.1.tlog
E:\MySourceCode\FlipEngine1\Sampler05\Debug\link.11696-rc.write.1.tlog
E:\MySourceCode\FlipEngine1\Sampler05\Debug\link.11696.read.1.tlog
E:\MySourceCode\FlipEngine1\Sampler05\Debug\link.11696.write.1.tlog
E:\MySourceCode\FlipEngine1\Sampler05\Debug\link.12292-cvtres.read.1.tlog
E:\MySourceCode\FlipEngine1\Sampler05\Debug\link.12292-cvtres.write.1.tlog
E:\MySourceCode\FlipEngine1\Sampler05\Debug\link.12292-rc.read.1.tlog
E:\MySourceCode\FlipEngine1\Sampler05\Debug\link.12292-rc.write.1.tlog
E:\MySourceCode\FlipEngine1\Sampler05\Debug\link.12292.read.1.tlog
E:\MySourceCode\FlipEngine1\Sampler05\Debug\link.12292.write.1.tlog
E:\MySourceCode\FlipEngine1\Sampler05\Debug\link.12520-cvtres.read.1.tlog
E:\MySourceCode\FlipEngine1\Sampler05\Debug\link.12520-cvtres.write.1.tlog
E:\MySourceCode\FlipEngine1\Sampler05\Debug\link.12520-rc.read.1.tlog
E:\MySourceCode\FlipEngine1\Sampler05\Debug\link.12520-rc.write.1.tlog
E:\MySourceCode\FlipEngine1\Sampler05\Debug\link.12520.read.1.tlog
E:\MySourceCode\FlipEngine1\Sampler05\Debug\link.12520.write.1.tlog
E:\MySourceCode\FlipEngine1\Sampler05\Debug\link.12744-cvtres.read.1.tlog
E:\MySourceCode\FlipEngine1\Sampler05\Debug\link.12744-cvtres.write.1.tlog
E:\MySourceCode\FlipEngine1\Sampler05\Debug\link.12744-rc.read.1.tlog
E:\MySourceCode\FlipEngine1\Sampler05\Debug\link.12744-rc.write.1.tlog
E:\MySourceCode\FlipEngine1\Sampler05\Debug\link.12744.read.1.tlog
E:\MySourceCode\FlipEngine1\Sampler05\Debug\link.12744.write.1.tlog
E:\MySourceCode\FlipEngine1\Sampler05\Debug\link.13048-cvtres.read.1.tlog
E:\MySourceCode\FlipEngine1\Sampler05\Debug\link.13048-cvtres.write.1.tlog
E:\MySourceCode\FlipEngine1\Sampler05\Debug\link.13048-rc.read.1.tlog
E:\MySourceCode\FlipEngine1\Sampler05\Debug\link.13048-rc.write.1.tlog
E:\MySourceCode\FlipEngine1\Sampler05\Debug\link.13048.read.1.tlog
E:\MySourceCode\FlipEngine1\Sampler05\Debug\link.13048.write.1.tlog
E:\MySourceCode\FlipEngine1\Sampler05\Debug\link.13388-cvtres.read.1.tlog
E:\MySourceCode\FlipEngine1\Sampler05\Debug\link.13388-cvtres.write.1.tlog
E:\MySourceCode\FlipEngine1\Sampler05\Debug\link.13388-rc.read.1.tlog
E:\MySourceCode\FlipEngine1\Sampler05\Debug\link.13388-rc.write.1.tlog
E:\MySourceCode\FlipEngine1\Sampler05\Debug\link.13388.read.1.tlog
E:\MySourceCode\FlipEngine1\Sampler05\Debug\link.13388.write.1.tlog
E:\MySourceCode\FlipEngine1\Sampler05\Debug\link.13436-cvtres.read.1.tlog
E:\MySourceCode\FlipEngine1\Sampler05\Debug\link.13436-cvtres.write.1.tlog
E:\MySourceCode\FlipEngine1\Sampler05\Debug\link.13436-rc.read.1.tlog
E:\MySourceCode\FlipEngine1\Sampler05\Debug\link.13436-rc.write.1.tlog
E:\MySourceCode\FlipEngine1\Sampler05\Debug\link.13436.read.1.tlog
E:\MySourceCode\FlipEngine1\Sampler05\Debug\link.13436.write.1.tlog
E:\MySourceCode\FlipEngine1\Sampler05\Debug\link.13460-cvtres.read.1.tlog
E:\MySourceCode\FlipEngine1\Sampler05\Debug\link.13460-cvtres.write.1.tlog
E:\MySourceCode\FlipEngine1\Sampler05\Debug\link.13460-rc.read.1.tlog
E:\MySourceCode\FlipEngine1\Sampler05\Debug\link.13460-rc.write.1.tlog
E:\MySourceCode\FlipEngine1\Sampler05\Debug\link.13460.read.1.tlog
E:\MySourceCode\FlipEngine1\Sampler05\Debug\link.13460.write.1.tlog
E:\MySourceCode\FlipEngine1\Sampler05\Debug\link.13616-cvtres.read.1.tlog
E:\MySourceCode\FlipEngine1\Sampler05\Debug\link.13616-cvtres.write.1.tlog
E:\MySourceCode\FlipEngine1\Sampler05\Debug\link.13616-rc.read.1.tlog
E:\MySourceCode\FlipEngine1\Sampler05\Debug\link.13616-rc.write.1.tlog
E:\MySourceCode\FlipEngine1\Sampler05\Debug\link.13616.read.1.tlog
E:\MySourceCode\FlipEngine1\Sampler05\Debug\link.13616.write.1.tlog
E:\MySourceCode\FlipEngine1\Sampler05\Debug\link.14272-cvtres.read.1.tlog
E:\MySourceCode\FlipEngine1\Sampler05\Debug\link.14272-cvtres.write.1.tlog
E:\MySourceCode\FlipEngine1\Sampler05\Debug\link.14272-rc.read.1.tlog
E:\MySourceCode\FlipEngine1\Sampler05\Debug\link.14272-rc.write.1.tlog
E:\MySourceCode\FlipEngine1\Sampler05\Debug\link.14272.read.1.tlog
E:\MySourceCode\FlipEngine1\Sampler05\Debug\link.14272.write.1.tlog
E:\MySourceCode\FlipEngine1\Sampler05\Debug\link.14344-cvtres.read.1.tlog
E:\MySourceCode\FlipEngine1\Sampler05\Debug\link.14344-cvtres.write.1.tlog
E:\MySourceCode\FlipEngine1\Sampler05\Debug\link.14344-rc.read.1.tlog
E:\MySourceCode\FlipEngine1\Sampler05\Debug\link.14344-rc.write.1.tlog
E:\MySourceCode\FlipEngine1\Sampler05\Debug\link.14344.read.1.tlog
E:\MySourceCode\FlipEngine1\Sampler05\Debug\link.14344.write.1.tlog
E:\MySourceCode\FlipEngine1\Sampler05\Debug\link.2156-cvtres.read.1.tlog
E:\MySourceCode\FlipEngine1\Sampler05\Debug\link.2156-cvtres.write.1.tlog
E:\MySourceCode\FlipEngine1\Sampler05\Debug\link.2156-rc.read.1.tlog
E:\MySourceCode\FlipEngine1\Sampler05\Debug\link.2156-rc.write.1.tlog
E:\MySourceCode\FlipEngine1\Sampler05\Debug\link.2156.read.1.tlog
E:\MySourceCode\FlipEngine1\Sampler05\Debug\link.2156.write.1.tlog
E:\MySourceCode\FlipEngine1\Sampler05\Debug\link.3848-cvtres.read.1.tlog
E:\MySourceCode\FlipEngine1\Sampler05\Debug\link.3848-cvtres.write.1.tlog
E:\MySourceCode\FlipEngine1\Sampler05\Debug\link.3848-rc.read.1.tlog
E:\MySourceCode\FlipEngine1\Sampler05\Debug\link.3848-rc.write.1.tlog
E:\MySourceCode\FlipEngine1\Sampler05\Debug\link.3848.read.1.tlog
E:\MySourceCode\FlipEngine1\Sampler05\Debug\link.3848.write.1.tlog
E:\MySourceCode\FlipEngine1\Sampler05\Debug\link.4392-cvtres.read.1.tlog
E:\MySourceCode\FlipEngine1\Sampler05\Debug\link.4392-cvtres.write.1.tlog
E:\MySourceCode\FlipEngine1\Sampler05\Debug\link.4392-rc.read.1.tlog
E:\MySourceCode\FlipEngine1\Sampler05\Debug\link.4392-rc.write.1.tlog
E:\MySourceCode\FlipEngine1\Sampler05\Debug\link.4392.read.1.tlog
E:\MySourceCode\FlipEngine1\Sampler05\Debug\link.4392.write.1.tlog
E:\MySourceCode\FlipEngine1\Sampler05\Debug\link.5516-cvtres.read.1.tlog
E:\MySourceCode\FlipEngine1\Sampler05\Debug\link.5516-cvtres.write.1.tlog
E:\MySourceCode\FlipEngine1\Sampler05\Debug\link.5516-rc.read.1.tlog
E:\MySourceCode\FlipEngine1\Sampler05\Debug\link.5516-rc.write.1.tlog
E:\MySourceCode\FlipEngine1\Sampler05\Debug\link.5516.read.1.tlog
E:\MySourceCode\FlipEngine1\Sampler05\Debug\link.5516.write.1.tlog
E:\MySourceCode\FlipEngine1\Sampler05\Debug\link.6080-cvtres.read.1.tlog
E:\MySourceCode\FlipEngine1\Sampler05\Debug\link.6080-cvtres.write.1.tlog
E:\MySourceCode\FlipEngine1\Sampler05\Debug\link.6080-rc.read.1.tlog
E:\MySourceCode\FlipEngine1\Sampler05\Debug\link.6080-rc.write.1.tlog
E:\MySourceCode\FlipEngine1\Sampler05\Debug\link.6080.read.1.tlog
E:\MySourceCode\FlipEngine1\Sampler05\Debug\link.6080.write.1.tlog
E:\MySourceCode\FlipEngine1\Sampler05\Debug\link.7972-cvtres.read.1.tlog
E:\MySourceCode\FlipEngine1\Sampler05\Debug\link.7972-cvtres.write.1.tlog
E:\MySourceCode\FlipEngine1\Sampler05\Debug\link.7972-rc.read.1.tlog
E:\MySourceCode\FlipEngine1\Sampler05\Debug\link.7972-rc.write.1.tlog
E:\MySourceCode\FlipEngine1\Sampler05\Debug\link.7972.read.1.tlog
E:\MySourceCode\FlipEngine1\Sampler05\Debug\link.7972.write.1.tlog
E:\MySourceCode\FlipEngine1\Sampler05\Debug\link.9328-cvtres.read.1.tlog
E:\MySourceCode\FlipEngine1\Sampler05\Debug\link.9328-cvtres.write.1.tlog
E:\MySourceCode\FlipEngine1\Sampler05\Debug\link.9328-rc.read.1.tlog
E:\MySourceCode\FlipEngine1\Sampler05\Debug\link.9328-rc.write.1.tlog
E:\MySourceCode\FlipEngine1\Sampler05\Debug\link.9328.read.1.tlog
E:\MySourceCode\FlipEngine1\Sampler05\Debug\link.9328.write.1.tlog
E:\MySourceCode\FlipEngine1\Sampler05\Debug\link.command.1.tlog
E:\MySourceCode\FlipEngine1\Sampler05\Debug\link.read.1.tlog
E:\MySourceCode\FlipEngine1\Sampler05\Debug\link.write.1.tlog
E:\MySourceCode\FlipEngine1\Sampler05\Debug\vc110.idb
E:\MySourceCode\FlipEngine1\Sampler05\Debug\vc110.pdb
E:\MySourceCode\FlipEngine1\Debug\Sampler05.pdb
E:\MySourceCode\FlipEngine1\Debug\Sampler05.exe
E:\MySourceCode\FlipEngine1\Debug\Sampler05.ilk
